<?xml version="1.0" encoding="UTF-8"?>
<testsuite xmlns:xsi="http://www.w3.org/2001/XMLSchema-instance" xsi:noNamespaceSchemaLocation="https://maven.apache.org/surefire/maven-surefire-plugin/xsd/surefire-test-report.xsd" name="sample.simple.SampleSimpleApplicationTests" time="6.745" tests="2" errors="0" skipped="0" failures="0">
  <properties>
    <property name="sun.desktop" value="windows"/>
    <property name="awt.toolkit" value="sun.awt.windows.WToolkit"/>
    <property name="file.encoding.pkg" value="sun.io"/>
    <property name="java.specification.version" value="1.8"/>
    <property name="sun.cpu.isalist" value="amd64"/>
    <property name="sun.jnu.encoding" value="MS949"/>
    <property name="java.class.path" value="D:\ZZIZILY\Version\GitHub\Spring\spring-boot\spring-boot-samples\spring-boot-sample-simple\target\test-classes;D:\ZZIZILY\Version\GitHub\Spring\spring-boot\spring-boot-samples\spring-boot-sample-simple\target\classes;D:\ZZIZILY\Repository\Maven\org\springframework\boot\spring-boot-starter\2.2.0.BUILD-SNAPSHOT\spring-boot-starter-2.2.0.BUILD-SNAPSHOT.jar;D:\ZZIZILY\Repository\Maven\org\springframework\boot\spring-boot\2.2.0.BUILD-SNAPSHOT\spring-boot-2.2.0.BUILD-SNAPSHOT.jar;D:\ZZIZILY\Repository\Maven\org\springframework\spring-context\5.1.3.RELEASE\spring-context-5.1.3.RELEASE.jar;D:\ZZIZILY\Repository\Maven\org\springframework\spring-aop\5.1.3.RELEASE\spring-aop-5.1.3.RELEASE.jar;D:\ZZIZILY\Repository\Maven\org\springframework\spring-beans\5.1.3.RELEASE\spring-beans-5.1.3.RELEASE.jar;D:\ZZIZILY\Repository\Maven\org\springframework\spring-expression\5.1.3.RELEASE\spring-expression-5.1.3.RELEASE.jar;D:\ZZIZILY\Repository\Maven\org\springframework\boot\spring-boot-autoconfigure\2.2.0.BUILD-SNAPSHOT\spring-boot-autoconfigure-2.2.0.BUILD-SNAPSHOT.jar;D:\ZZIZILY\Repository\Maven\org\springframework\boot\spring-boot-starter-logging\2.2.0.BUILD-SNAPSHOT\spring-boot-starter-logging-2.2.0.BUILD-SNAPSHOT.jar;D:\ZZIZILY\Repository\Maven\ch\qos\logback\logback-classic\1.2.3\logback-classic-1.2.3.jar;D:\ZZIZILY\Repository\Maven\ch\qos\logback\logback-core\1.2.3\logback-core-1.2.3.jar;D:\ZZIZILY\Repository\Maven\org\apache\logging\log4j\log4j-to-slf4j\2.11.1\log4j-to-slf4j-2.11.1.jar;D:\ZZIZILY\Repository\Maven\org\apache\logging\log4j\log4j-api\2.11.1\log4j-api-2.11.1.jar;D:\ZZIZILY\Repository\Maven\org\slf4j\jul-to-slf4j\1.7.25\jul-to-slf4j-1.7.25.jar;D:\ZZIZILY\Repository\Maven\javax\annotation\javax.annotation-api\1.3.2\javax.annotation-api-1.3.2.jar;D:\ZZIZILY\Repository\Maven\org\springframework\spring-core\5.1.3.RELEASE\spring-core-5.1.3.RELEASE.jar;D:\ZZIZILY\Repository\Maven\org\springframework\spring-jcl\5.1.3.RELEASE\spring-jcl-5.1.3.RELEASE.jar;D:\ZZIZILY\Repository\Maven\org\yaml\snakeyaml\1.23\snakeyaml-1.23.jar;D:\ZZIZILY\Repository\Maven\org\hibernate\validator\hibernate-validator\6.0.13.Final\hibernate-validator-6.0.13.Final.jar;D:\ZZIZILY\Repository\Maven\javax\validation\validation-api\2.0.1.Final\validation-api-2.0.1.Final.jar;D:\ZZIZILY\Repository\Maven\org\jboss\logging\jboss-logging\3.3.2.Final\jboss-logging-3.3.2.Final.jar;D:\ZZIZILY\Repository\Maven\com\fasterxml\classmate\1.4.0\classmate-1.4.0.jar;D:\ZZIZILY\Repository\Maven\org\springframework\boot\spring-boot-starter-test\2.2.0.BUILD-SNAPSHOT\spring-boot-starter-test-2.2.0.BUILD-SNAPSHOT.jar;D:\ZZIZILY\Repository\Maven\org\springframework\boot\spring-boot-test\2.2.0.BUILD-SNAPSHOT\spring-boot-test-2.2.0.BUILD-SNAPSHOT.jar;D:\ZZIZILY\Repository\Maven\org\springframework\boot\spring-boot-test-autoconfigure\2.2.0.BUILD-SNAPSHOT\spring-boot-test-autoconfigure-2.2.0.BUILD-SNAPSHOT.jar;D:\ZZIZILY\Repository\Maven\com\jayway\jsonpath\json-path\2.4.0\json-path-2.4.0.jar;D:\ZZIZILY\Repository\Maven\net\minidev\json-smart\2.3\json-smart-2.3.jar;D:\ZZIZILY\Repository\Maven\net\minidev\accessors-smart\1.2\accessors-smart-1.2.jar;D:\ZZIZILY\Repository\Maven\org\ow2\asm\asm\5.0.4\asm-5.0.4.jar;D:\ZZIZILY\Repository\Maven\org\slf4j\slf4j-api\1.7.25\slf4j-api-1.7.25.jar;D:\ZZIZILY\Repository\Maven\junit\junit\4.12\junit-4.12.jar;D:\ZZIZILY\Repository\Maven\org\assertj\assertj-core\3.11.1\assertj-core-3.11.1.jar;D:\ZZIZILY\Repository\Maven\org\mockito\mockito-core\2.23.4\mockito-core-2.23.4.jar;D:\ZZIZILY\Repository\Maven\net\bytebuddy\byte-buddy\1.9.5\byte-buddy-1.9.5.jar;D:\ZZIZILY\Repository\Maven\net\bytebuddy\byte-buddy-agent\1.9.5\byte-buddy-agent-1.9.5.jar;D:\ZZIZILY\Repository\Maven\org\objenesis\objenesis\2.6\objenesis-2.6.jar;D:\ZZIZILY\Repository\Maven\org\hamcrest\hamcrest-core\1.3\hamcrest-core-1.3.jar;D:\ZZIZILY\Repository\Maven\org\hamcrest\hamcrest-library\1.3\hamcrest-library-1.3.jar;D:\ZZIZILY\Repository\Maven\org\skyscreamer\jsonassert\1.5.0\jsonassert-1.5.0.jar;D:\ZZIZILY\Repository\Maven\com\vaadin\external\google\android-json\0.0.20131108.vaadin1\android-json-0.0.20131108.vaadin1.jar;D:\ZZIZILY\Repository\Maven\org\springframework\spring-test\5.1.3.RELEASE\spring-test-5.1.3.RELEASE.jar;D:\ZZIZILY\Repository\Maven\org\xmlunit\xmlunit-core\2.6.2\xmlunit-core-2.6.2.jar;"/>
    <property name="java.vm.vendor" value="Oracle Corporation"/>
    <property name="sun.arch.data.model" value="64"/>
    <property name="user.variant" value=""/>
    <property name="java.vendor.url" value="http://java.oracle.com/"/>
    <property name="user.timezone" value="Asia/Seoul"/>
    <property name="java.vm.specification.version" value="1.8"/>
    <property name="os.name" value="Windows 10"/>
    <property name="user.country" value="KR"/>
    <property name="sun.java.launcher" value="SUN_STANDARD"/>
    <property name="sun.boot.library.path" value="C:\ZZIZILY\System\Java\JAVA_HOME\jre\bin"/>
    <property name="sun.java.command" value="V:\Temp\surefire220502096917673213\surefirebooter5993144170004797187.jar V:\Temp\surefire220502096917673213 2018-12-04T03-55-14_409-jvmRun1 surefire7015489482359062577tmp surefire_05482630940220035755tmp"/>
    <property name="surefire.test.class.path" value="D:\ZZIZILY\Version\GitHub\Spring\spring-boot\spring-boot-samples\spring-boot-sample-simple\target\test-classes;D:\ZZIZILY\Version\GitHub\Spring\spring-boot\spring-boot-samples\spring-boot-sample-simple\target\classes;D:\ZZIZILY\Repository\Maven\org\springframework\boot\spring-boot-starter\2.2.0.BUILD-SNAPSHOT\spring-boot-starter-2.2.0.BUILD-SNAPSHOT.jar;D:\ZZIZILY\Repository\Maven\org\springframework\boot\spring-boot\2.2.0.BUILD-SNAPSHOT\spring-boot-2.2.0.BUILD-SNAPSHOT.jar;D:\ZZIZILY\Repository\Maven\org\springframework\spring-context\5.1.3.RELEASE\spring-context-5.1.3.RELEASE.jar;D:\ZZIZILY\Repository\Maven\org\springframework\spring-aop\5.1.3.RELEASE\spring-aop-5.1.3.RELEASE.jar;D:\ZZIZILY\Repository\Maven\org\springframework\spring-beans\5.1.3.RELEASE\spring-beans-5.1.3.RELEASE.jar;D:\ZZIZILY\Repository\Maven\org\springframework\spring-expression\5.1.3.RELEASE\spring-expression-5.1.3.RELEASE.jar;D:\ZZIZILY\Repository\Maven\org\springframework\boot\spring-boot-autoconfigure\2.2.0.BUILD-SNAPSHOT\spring-boot-autoconfigure-2.2.0.BUILD-SNAPSHOT.jar;D:\ZZIZILY\Repository\Maven\org\springframework\boot\spring-boot-starter-logging\2.2.0.BUILD-SNAPSHOT\spring-boot-starter-logging-2.2.0.BUILD-SNAPSHOT.jar;D:\ZZIZILY\Repository\Maven\ch\qos\logback\logback-classic\1.2.3\logback-classic-1.2.3.jar;D:\ZZIZILY\Repository\Maven\ch\qos\logback\logback-core\1.2.3\logback-core-1.2.3.jar;D:\ZZIZILY\Repository\Maven\org\apache\logging\log4j\log4j-to-slf4j\2.11.1\log4j-to-slf4j-2.11.1.jar;D:\ZZIZILY\Repository\Maven\org\apache\logging\log4j\log4j-api\2.11.1\log4j-api-2.11.1.jar;D:\ZZIZILY\Repository\Maven\org\slf4j\jul-to-slf4j\1.7.25\jul-to-slf4j-1.7.25.jar;D:\ZZIZILY\Repository\Maven\javax\annotation\javax.annotation-api\1.3.2\javax.annotation-api-1.3.2.jar;D:\ZZIZILY\Repository\Maven\org\springframework\spring-core\5.1.3.RELEASE\spring-core-5.1.3.RELEASE.jar;D:\ZZIZILY\Repository\Maven\org\springframework\spring-jcl\5.1.3.RELEASE\spring-jcl-5.1.3.RELEASE.jar;D:\ZZIZILY\Repository\Maven\org\yaml\snakeyaml\1.23\snakeyaml-1.23.jar;D:\ZZIZILY\Repository\Maven\org\hibernate\validator\hibernate-validator\6.0.13.Final\hibernate-validator-6.0.13.Final.jar;D:\ZZIZILY\Repository\Maven\javax\validation\validation-api\2.0.1.Final\validation-api-2.0.1.Final.jar;D:\ZZIZILY\Repository\Maven\org\jboss\logging\jboss-logging\3.3.2.Final\jboss-logging-3.3.2.Final.jar;D:\ZZIZILY\Repository\Maven\com\fasterxml\classmate\1.4.0\classmate-1.4.0.jar;D:\ZZIZILY\Repository\Maven\org\springframework\boot\spring-boot-starter-test\2.2.0.BUILD-SNAPSHOT\spring-boot-starter-test-2.2.0.BUILD-SNAPSHOT.jar;D:\ZZIZILY\Repository\Maven\org\springframework\boot\spring-boot-test\2.2.0.BUILD-SNAPSHOT\spring-boot-test-2.2.0.BUILD-SNAPSHOT.jar;D:\ZZIZILY\Repository\Maven\org\springframework\boot\spring-boot-test-autoconfigure\2.2.0.BUILD-SNAPSHOT\spring-boot-test-autoconfigure-2.2.0.BUILD-SNAPSHOT.jar;D:\ZZIZILY\Repository\Maven\com\jayway\jsonpath\json-path\2.4.0\json-path-2.4.0.jar;D:\ZZIZILY\Repository\Maven\net\minidev\json-smart\2.3\json-smart-2.3.jar;D:\ZZIZILY\Repository\Maven\net\minidev\accessors-smart\1.2\accessors-smart-1.2.jar;D:\ZZIZILY\Repository\Maven\org\ow2\asm\asm\5.0.4\asm-5.0.4.jar;D:\ZZIZILY\Repository\Maven\org\slf4j\slf4j-api\1.7.25\slf4j-api-1.7.25.jar;D:\ZZIZILY\Repository\Maven\junit\junit\4.12\junit-4.12.jar;D:\ZZIZILY\Repository\Maven\org\assertj\assertj-core\3.11.1\assertj-core-3.11.1.jar;D:\ZZIZILY\Repository\Maven\org\mockito\mockito-core\2.23.4\mockito-core-2.23.4.jar;D:\ZZIZILY\Repository\Maven\net\bytebuddy\byte-buddy\1.9.5\byte-buddy-1.9.5.jar;D:\ZZIZILY\Repository\Maven\net\bytebuddy\byte-buddy-agent\1.9.5\byte-buddy-agent-1.9.5.jar;D:\ZZIZILY\Repository\Maven\org\objenesis\objenesis\2.6\objenesis-2.6.jar;D:\ZZIZILY\Repository\Maven\org\hamcrest\hamcrest-core\1.3\hamcrest-core-1.3.jar;D:\ZZIZILY\Repository\Maven\org\hamcrest\hamcrest-library\1.3\hamcrest-library-1.3.jar;D:\ZZIZILY\Repository\Maven\org\skyscreamer\jsonassert\1.5.0\jsonassert-1.5.0.jar;D:\ZZIZILY\Repository\Maven\com\vaadin\external\google\android-json\0.0.20131108.vaadin1\android-json-0.0.20131108.vaadin1.jar;D:\ZZIZILY\Repository\Maven\org\springframework\spring-test\5.1.3.RELEASE\spring-test-5.1.3.RELEASE.jar;D:\ZZIZILY\Repository\Maven\org\xmlunit\xmlunit-core\2.6.2\xmlunit-core-2.6.2.jar;"/>
    <property name="sun.cpu.endian" value="little"/>
    <property name="user.home" value="C:\Users\crom"/>
    <property name="user.language" value="ko"/>
    <property name="java.specification.vendor" value="Oracle Corporation"/>
    <property name="java.home" value="C:\ZZIZILY\System\Java\JAVA_HOME\jre"/>
    <property name="basedir" value="D:\ZZIZILY\Version\GitHub\Spring\spring-boot\spring-boot-samples\spring-boot-sample-simple"/>
    <property name="file.separator" value="\"/>
    <property name="line.separator" value="&#10;"/>
    <property name="java.vm.specification.vendor" value="Oracle Corporation"/>
    <property name="java.specification.name" value="Java Platform API Specification"/>
    <property name="java.awt.graphicsenv" value="sun.awt.Win32GraphicsEnvironment"/>
    <property name="java.awt.headless" value="true"/>
    <property name="surefire.real.class.path" value="V:\Temp\surefire220502096917673213\surefirebooter5993144170004797187.jar"/>
    <property name="sun.boot.class.path" value="C:\ZZIZILY\System\Java\JAVA_HOME\jre\lib\resources.jar;C:\ZZIZILY\System\Java\JAVA_HOME\jre\lib\rt.jar;C:\ZZIZILY\System\Java\JAVA_HOME\jre\lib\sunrsasign.jar;C:\ZZIZILY\System\Java\JAVA_HOME\jre\lib\jsse.jar;C:\ZZIZILY\System\Java\JAVA_HOME\jre\lib\jce.jar;C:\ZZIZILY\System\Java\JAVA_HOME\jre\lib\charsets.jar;C:\ZZIZILY\System\Java\JAVA_HOME\jre\lib\jfr.jar;C:\ZZIZILY\System\Java\JAVA_HOME\jre\classes"/>
    <property name="user.script" value=""/>
    <property name="sun.management.compiler" value="HotSpot 64-Bit Tiered Compilers"/>
    <property name="java.runtime.version" value="1.8.0_191-b12"/>
    <property name="user.name" value="crom"/>
    <property name="path.separator" value=";"/>
    <property name="java.security.egd" value="file:/dev/./urandom"/>
    <property name="os.version" value="10.0"/>
    <property name="java.endorsed.dirs" value="C:\ZZIZILY\System\Java\JAVA_HOME\jre\lib\endorsed"/>
    <property name="java.runtime.name" value="Java(TM) SE Runtime Environment"/>
    <property name="file.encoding" value="MS949"/>
    <property name="java.vm.name" value="Java HotSpot(TM) 64-Bit Server VM"/>
    <property name="localRepository" value="D:\ZZIZILY\Repository\Maven"/>
    <property name="java.vendor.url.bug" value="http://bugreport.sun.com/bugreport/"/>
    <property name="java.io.tmpdir" value="V:\Temp\"/>
    <property name="java.version" value="1.8.0_191"/>
    <property name="user.dir" value="D:\ZZIZILY\Version\GitHub\Spring\spring-boot\spring-boot-samples\spring-boot-sample-simple"/>
    <property name="os.arch" value="amd64"/>
    <property name="java.vm.specification.name" value="Java Virtual Machine Specification"/>
    <property name="java.awt.printerjob" value="sun.awt.windows.WPrinterJob"/>
    <property name="sun.os.patch.level" value=""/>
    <property name="java.library.path" value="C:\ZZIZILY\System\Java\JAVA_HOME\jre\bin;C:\Windows\Sun\Java\bin;C:\Windows\system32;C:\Windows;C:\Windows\system32;C:\Windows;C:\Windows\System32\Wbem;C:\Windows\System32\WindowsPowerShell\v1.0\;C:\Windows\System32\OpenSSH\;C:\ProgramData\chocolatey\bin;C:\Program Files\Git\cmd;C:\Program Files\Git LFS;C:\Program Files\nodejs\;C:\Program Files (x86)\vim\vim80;C:\Users\crom\AppData\Local\Microsoft\WindowsApps;C:\Program Files\Bandizip\;C:\ZZIZILY\System\Microsoft VS Code\bin;C:\Users\crom\AppData\Local\GitHubDesktop\bin;C:\ZZIZILY\System\Java\JAVA_HOME\bin;C:\ZZIZILY\System\Python\default;C:\ZZIZILY\System\Python\default\Scripts;C:\Users\crom\AppData\Roaming\npm;C:\ZZIZILY\System\Gradle\default\bin;C:\tools\Cmder;C:\Program Files\Transmission;C:\ZZIZILY\System\Apache\Maven\default\bin;C:\ZZIZILY\System\Apache\Tomcat\default\bin;;."/>
    <property name="java.vm.info" value="mixed mode"/>
    <property name="java.vendor" value="Oracle Corporation"/>
    <property name="java.vm.version" value="25.191-b12"/>
    <property name="java.ext.dirs" value="C:\ZZIZILY\System\Java\JAVA_HOME\jre\lib\ext;C:\Windows\Sun\Java\lib\ext"/>
    <property name="sun.io.unicode.encoding" value="UnicodeLittle"/>
    <property name="java.class.version" value="52.0"/>
  </properties>
  <testcase name="testDefaultSettings" classname="sample.simple.SampleSimpleApplicationTests" time="6.433"/>
  <testcase name="testCommandLineOverrides" classname="sample.simple.SampleSimpleApplicationTests" time="0.278"/>
</testsuite>